<?xml version="1.0" encoding="UTF-8"?>
<!-- Generated by org.testng.reporters.JUnitReportReporter -->
<testsuite hostname="Akash-Naykude-Lenovo" failures="0" tests="2" name="Omayo_Blogspot.DropDownTest" time="18.262" errors="0" timestamp="2024-02-18T10:39:01 IST" skipped="0">
  <testcase classname="Omayo_Blogspot.DropDownTest" name="DropDownTest2" time="6.313"/>
  <system-out/>
  <testcase classname="Omayo_Blogspot.DropDownTest" name="DropDownTest1" time="11.949"/>
  <system-out/>
</testsuite> <!-- Omayo_Blogspot.DropDownTest -->
