<?xml version="1.0" encoding="UTF-8"?>
<!-- Generated by org.testng.reporters.JUnitReportReporter -->
<testsuite hostname="Akash-Naykude-Lenovo" failures="0" tests="3" name="Omayo_Blogspot.ScrollDown" time="11.353" errors="0" timestamp="2024-02-17T11:10:39 IST" skipped="2">
  <testcase classname="Omayo_Blogspot.ScrollDown" name="Test3" time="11.353"/>
  <system-out/>
  <testcase classname="Omayo_Blogspot.ScrollDown" name="Test2_ScrollAndScreenshot">
    <skipped/>
  </testcase> <!-- Test2_ScrollAndScreenshot -->
  <system-out/>
  <testcase classname="Omayo_Blogspot.ScrollDown" name="Test1_Screenshot">
    <skipped/>
  </testcase> <!-- Test1_Screenshot -->
  <system-out/>
</testsuite> <!-- Omayo_Blogspot.ScrollDown -->
