<?xml version="1.0" encoding="UTF-8"?>
<!-- Generated by org.testng.reporters.JUnitReportReporter -->
<testsuite hostname="Akash-Naykude-Lenovo" failures="0" tests="1" name="Omayo_Blogspot.Methods" time="5.043" errors="0" timestamp="2024-02-17T11:46:00 IST" skipped="0">
  <testcase classname="Omayo_Blogspot.Methods" name="Test1_Methods" time="5.043"/>
  <system-out/>
</testsuite> <!-- Omayo_Blogspot.Methods -->
