<?xml version="1.0" encoding="UTF-8"?>
<!-- Generated by org.testng.reporters.JUnitReportReporter -->
<testsuite hostname="Akash-Naykude-Lenovo" failures="0" tests="1" name="Omayo_Blogspot.TextBox" time="24.312" errors="0" timestamp="2024-02-16T17:50:01 IST" skipped="0">
  <testcase classname="Omayo_Blogspot.TextBox" name="Test1" time="24.312"/>
  <system-out/>
</testsuite> <!-- Omayo_Blogspot.TextBox -->
