<?xml version="1.0" encoding="UTF-8"?>
<!-- Generated by org.testng.reporters.JUnitReportReporter -->
<testsuite hostname="Akash-Naykude-Lenovo" failures="0" tests="1" name="Omayo_Blogspot.ReadDataUsingDataProvider" time="6.696" errors="0" timestamp="2024-02-18T11:41:00 IST" skipped="0">
  <testcase classname="Omayo_Blogspot.ReadDataUsingDataProvider" name="Test1" time="6.696"/>
  <system-out/>
</testsuite> <!-- Omayo_Blogspot.ReadDataUsingDataProvider -->
