<?xml version="1.0" encoding="UTF-8"?>
<!-- Generated by org.testng.reporters.JUnitReportReporter -->
<testsuite hostname="Akash-Naykude-Lenovo" failures="0" tests="1" name="Omayo_Blogspot.MultipleWindowsHandled" time="20.216" errors="0" timestamp="2024-02-16T17:13:32 IST" skipped="0">
  <testcase classname="Omayo_Blogspot.MultipleWindowsHandled" name="Test1" time="20.216"/>
  <system-out/>
</testsuite> <!-- Omayo_Blogspot.MultipleWindowsHandled -->
