<?xml version="1.0" encoding="UTF-8"?>
<!-- Generated by org.testng.reporters.JUnitReportReporter -->
<testsuite hostname="Akash-Naykude-Lenovo" failures="0" tests="1" name="Omayo_Blogspot.DragAndDrop" time="18.092" errors="0" timestamp="2024-02-16T18:00:08 IST" skipped="0">
  <testcase classname="Omayo_Blogspot.DragAndDrop" name="Test1" time="18.092"/>
  <system-out/>
</testsuite> <!-- Omayo_Blogspot.DragAndDrop -->
