<?xml version="1.0" encoding="UTF-8"?>
<!-- Generated by org.testng.reporters.JUnitReportReporter -->
<testsuite hostname="Akash-Naykude-Lenovo" failures="0" tests="4" name="Omayo_Blogspot.Screenshot" time="25.797" errors="0" timestamp="2024-02-17T10:11:04 IST" skipped="0">
  <testcase classname="Omayo_Blogspot.Screenshot" name="Test1_common" time="7.236"/>
  <system-out/>
  <testcase classname="Omayo_Blogspot.Screenshot" name="Test4_FullPage" time="6.408"/>
  <system-out/>
  <testcase classname="Omayo_Blogspot.Screenshot" name="Test2_Element" time="6.150"/>
  <system-out/>
  <testcase classname="Omayo_Blogspot.Screenshot" name="Test3_Portion" time="6.003"/>
  <system-out/>
</testsuite> <!-- Omayo_Blogspot.Screenshot -->
