<?xml version="1.0" encoding="UTF-8"?>
<!-- Generated by org.testng.reporters.JUnitReportReporter -->
<testsuite hostname="Akash-Naykude-Lenovo" failures="0" tests="1" name="Omayo_Blogspot.FileUpload" time="8.616" errors="0" timestamp="2024-02-16T18:26:10 IST" skipped="0">
  <testcase classname="Omayo_Blogspot.FileUpload" name="Test1" time="8.616"/>
  <system-out/>
</testsuite> <!-- Omayo_Blogspot.FileUpload -->
