<?xml version="1.0" encoding="UTF-8"?>
<!-- Generated by org.testng.reporters.JUnitReportReporter -->
<testsuite hostname="Akash-Naykude-Lenovo" failures="0" tests="1" name="Omayo_Blogspot.CopyPasteUsingActions" time="8.915" errors="0" timestamp="2024-02-17T16:50:30 IST" skipped="0">
  <testcase classname="Omayo_Blogspot.CopyPasteUsingActions" name="Test1" time="8.915"/>
  <system-out/>
</testsuite> <!-- Omayo_Blogspot.CopyPasteUsingActions -->
