<?xml version="1.0" encoding="UTF-8"?>
<!-- Generated by org.testng.reporters.JUnitReportReporter -->
<testsuite hostname="Akash-Naykude-Lenovo" failures="0" tests="4" name="Omayo_Blogspot.Alerts" time="16.151" errors="0" timestamp="2024-02-17T13:28:21 IST" skipped="3">
  <testcase classname="Omayo_Blogspot.Alerts" name="Test4" time="16.151"/>
  <system-out/>
  <testcase classname="Omayo_Blogspot.Alerts" name="Test2">
    <skipped/>
  </testcase> <!-- Test2 -->
  <system-out/>
  <testcase classname="Omayo_Blogspot.Alerts" name="Test3">
    <skipped/>
  </testcase> <!-- Test3 -->
  <system-out/>
  <testcase classname="Omayo_Blogspot.Alerts" name="Test1">
    <skipped/>
  </testcase> <!-- Test1 -->
  <system-out/>
</testsuite> <!-- Omayo_Blogspot.Alerts -->
