<?xml version="1.0" encoding="UTF-8"?>
<!-- Generated by org.testng.reporters.JUnitReportReporter -->
<testsuite hostname="Akash-Naykude-Lenovo" failures="0" tests="1" name="Omayo_Blogspot.ReadDataFromPropertyFile" time="0.010" errors="0" timestamp="2024-02-18T12:22:38 IST" skipped="0">
  <testcase classname="Omayo_Blogspot.ReadDataFromPropertyFile" name="Test1" time="0.010"/>
  <system-out/>
</testsuite> <!-- Omayo_Blogspot.ReadDataFromPropertyFile -->
