<?xml version="1.0" encoding="UTF-8"?>
<!-- Generated by org.testng.reporters.JUnitReportReporter -->
<testsuite hostname="Akash-Naykude-Lenovo" failures="0" tests="1" name="Omayo_Blogspot.ApachePOIReadData" time="0.009" errors="0" timestamp="2024-02-18T11:53:41 IST" skipped="0">
  <testcase classname="Omayo_Blogspot.ApachePOIReadData" name="Test1_ReadDataFromExcelFile" time="0.009"/>
  <system-out/>
</testsuite> <!-- Omayo_Blogspot.ApachePOIReadData -->
