<?xml version="1.0" encoding="UTF-8"?>
<!-- Generated by org.testng.reporters.JUnitReportReporter -->
<testsuite hostname="Akash-Naykude-Lenovo" failures="0" tests="1" name="com.extentReports.ScreenshotInExtentReport" time="3.928" errors="0" timestamp="2024-02-26T14:34:27 IST" skipped="0">
  <testcase classname="com.extentReports.ScreenshotInExtentReport" name="Test1" time="3.928"/>
  <system-out/>
</testsuite> <!-- com.extentReports.ScreenshotInExtentReport -->
