<?xml version="1.0" encoding="UTF-8"?>
<!-- Generated by org.testng.reporters.JUnitReportReporter -->
<testsuite hostname="Akash-Naykude-Lenovo" failures="0" tests="1" name="Omayo_Blogspot.Tables" time="4.272" errors="0" timestamp="2024-02-23T11:35:47 IST" skipped="0">
  <testcase classname="Omayo_Blogspot.Tables" name="Test1" time="4.272"/>
  <system-out/>
</testsuite> <!-- Omayo_Blogspot.Tables -->
