<?xml version="1.0" encoding="UTF-8"?>
<!-- Generated by org.testng.reporters.JUnitReportReporter -->
<testsuite hostname="Akash-Naykude-Lenovo" failures="0" tests="3" name="com.fss.OrangeHRM.dataProviderTest" time="39.553" errors="0" timestamp="2024-02-19T17:55:19 IST" skipped="0">
  <testcase classname="com.fss.OrangeHRM.dataProviderTest" name="f" time="15.628"/>
  <system-out/>
  <testcase classname="com.fss.OrangeHRM.dataProviderTest" name="f" time="9.792"/>
  <system-out/>
  <testcase classname="com.fss.OrangeHRM.dataProviderTest" name="f" time="14.133"/>
  <system-out/>
</testsuite> <!-- com.fss.OrangeHRM.dataProviderTest -->
