<?xml version="1.0" encoding="UTF-8"?>
<!-- Generated by org.testng.reporters.JUnitReportReporter -->
<testsuite hostname="Akash-Naykude-Lenovo" failures="0" tests="1" name="Omayo_Blogspot.MultiSelectionBoxTest" time="8.208" errors="0" timestamp="2024-02-16T14:47:31 IST" skipped="0">
  <testcase classname="Omayo_Blogspot.MultiSelectionBoxTest" name="Test1" time="8.208"/>
  <system-out/>
</testsuite> <!-- Omayo_Blogspot.MultiSelectionBoxTest -->
