<?xml version="1.0" encoding="UTF-8"?>
<!-- Generated by org.testng.reporters.JUnitReportReporter -->
<testsuite hostname="Akash-Naykude-Lenovo" failures="0" tests="1" name="Omayo_Blogspot.AutoSuggestions" time="6.943" errors="0" timestamp="2024-02-17T11:59:41 IST" skipped="0">
  <testcase classname="Omayo_Blogspot.AutoSuggestions" name="test1" time="6.943"/>
  <system-out/>
</testsuite> <!-- Omayo_Blogspot.AutoSuggestions -->
