<?xml version="1.0" encoding="UTF-8"?>
<!-- Generated by org.testng.reporters.JUnitReportReporter -->
<testsuite hostname="Akash-Naykude-Lenovo" failures="0" tests="3" name="com.fss.OrangeHRM.NewTest3" time="0.009" errors="0" timestamp="2024-02-21T11:39:59 IST" skipped="0">
  <testcase classname="com.fss.OrangeHRM.NewTest3" name="Test3" time="0.006"/>
  <system-out/>
  <testcase classname="com.fss.OrangeHRM.NewTest3" name="Test3" time="0.002"/>
  <system-out/>
  <testcase classname="com.fss.OrangeHRM.NewTest3" name="Test3" time="0.001"/>
  <system-out/>
</testsuite> <!-- com.fss.OrangeHRM.NewTest3 -->
