<?xml version="1.0" encoding="UTF-8"?>
<!-- Generated by org.testng.reporters.JUnitReportReporter -->
<testsuite hostname="Akash-Naykude-Lenovo" failures="0" tests="2" name="Omayo_Blogspot.DropDownTest" time="28.020" errors="0" timestamp="2024-02-16T14:23:04 IST" skipped="0">
  <testcase classname="Omayo_Blogspot.DropDownTest" name="DropDownTest2" time="12.164"/>
  <system-out/>
  <testcase classname="Omayo_Blogspot.DropDownTest" name="DropDownTest1" time="15.856"/>
  <system-out/>
</testsuite> <!-- Omayo_Blogspot.DropDownTest -->
