<?xml version="1.0" encoding="UTF-8"?>
<!-- Generated by org.testng.reporters.JUnitReportReporter -->
<testsuite hostname="Akash-Naykude-Lenovo" failures="0" tests="2" name="com.fss.OrangeHRM.DataProviderReTest" time="34.539" errors="0" timestamp="2024-02-21T10:51:11 IST" skipped="0">
  <testcase classname="com.fss.OrangeHRM.DataProviderReTest" name="Test1" time="17.895"/>
  <system-out/>
  <testcase classname="com.fss.OrangeHRM.DataProviderReTest" name="Test1" time="16.644"/>
  <system-out/>
</testsuite> <!-- com.fss.OrangeHRM.DataProviderReTest -->
